<?xml version="1.0" encoding="UTF-8"?>
<testng-results skipped="0" failed="1" ignored="0" total="4" passed="3">
  <reporter-output>
  </reporter-output>
  <suite name="Suite" duration-ms="90276" started-at="2020-09-18T03:23:41Z" finished-at="2020-09-18T03:25:12Z">
    <groups>
    </groups>
    <test name="Test" duration-ms="90276" started-at="2020-09-18T03:23:41Z" finished-at="2020-09-18T03:25:12Z">
      <class name="Listnerslearning.myfirsttestcase">
        <test-method status="PASS" signature="TestLogin()[pri:0, instance:Listnerslearning.myfirsttestcase@4439f31e]" name="TestLogin" duration-ms="89471" started-at="2020-09-18T08:53:41Z" finished-at="2020-09-18T08:55:11Z">
          <reporter-output>
          </reporter-output>
        </test-method> <!-- TestLogin -->
        <test-method status="FAIL" signature="failTheTest()[pri:0, instance:Listnerslearning.myfirsttestcase@4439f31e]" name="failTheTest" duration-ms="10" started-at="2020-09-18T08:55:11Z" finished-at="2020-09-18T08:55:11Z">
          <exception class="java.lang.AssertionError">
            <message>
              <![CDATA[expected [true] but found [false]]]>
            </message>
            <full-stacktrace>
              <![CDATA[java.lang.AssertionError: expected [true] but found [false]
	at org.testng.Assert.fail(Assert.java:94)
	at org.testng.Assert.failNotEquals(Assert.java:513)
	at org.testng.Assert.assertTrue(Assert.java:42)
	at org.testng.Assert.assertTrue(Assert.java:52)
	at Listnerslearning.myfirsttestcase.failTheTest(myfirsttestcase.java:26)
	at sun.reflect.NativeMethodAccessorImpl.invoke0(Native Method)
	at sun.reflect.NativeMethodAccessorImpl.invoke(Unknown Source)
	at sun.reflect.DelegatingMethodAccessorImpl.invoke(Unknown Source)
	at java.lang.reflect.Method.invoke(Unknown Source)
	at org.testng.internal.MethodInvocationHelper.invokeMethod(MethodInvocationHelper.java:104)
	at org.testng.internal.Invoker.invokeMethod(Invoker.java:645)
	at org.testng.internal.Invoker.invokeTestMethod(Invoker.java:851)
	at org.testng.internal.Invoker.invokeTestMethods(Invoker.java:1177)
	at org.testng.internal.TestMethodWorker.invokeTestMethods(TestMethodWorker.java:129)
	at org.testng.internal.TestMethodWorker.run(TestMethodWorker.java:112)
	at org.testng.TestRunner.privateRun(TestRunner.java:756)
	at org.testng.TestRunner.run(TestRunner.java:610)
	at org.testng.SuiteRunner.runTest(SuiteRunner.java:387)
	at org.testng.SuiteRunner.runSequentially(SuiteRunner.java:382)
	at org.testng.SuiteRunner.privateRun(SuiteRunner.java:340)
	at org.testng.SuiteRunner.run(SuiteRunner.java:289)
	at org.testng.SuiteRunnerWorker.runSuite(SuiteRunnerWorker.java:52)
	at org.testng.SuiteRunnerWorker.run(SuiteRunnerWorker.java:86)
	at org.testng.TestNG.runSuitesSequentially(TestNG.java:1293)
	at org.testng.TestNG.runSuitesLocally(TestNG.java:1218)
	at org.testng.TestNG.runSuites(TestNG.java:1133)
	at org.testng.TestNG.run(TestNG.java:1104)
	at org.testng.remote.AbstractRemoteTestNG.run(AbstractRemoteTestNG.java:132)
	at org.testng.remote.RemoteTestNG.initAndRun(RemoteTestNG.java:236)
	at org.testng.remote.RemoteTestNG.main(RemoteTestNG.java:81)
]]>
            </full-stacktrace>
          </exception> <!-- java.lang.AssertionError -->
          <reporter-output>
          </reporter-output>
        </test-method> <!-- failTheTest -->
      </class> <!-- Listnerslearning.myfirsttestcase -->
      <class name="Listnerslearning.DemoC">
        <test-method status="PASS" signature="TestingC()[pri:0, instance:Listnerslearning.DemoC@5d5eef3d]" name="TestingC" duration-ms="2" started-at="2020-09-18T08:55:12Z" finished-at="2020-09-18T08:55:12Z">
          <reporter-output>
          </reporter-output>
        </test-method> <!-- TestingC -->
      </class> <!-- Listnerslearning.DemoC -->
      <class name="Listnerslearning.DemoB">
        <test-method status="PASS" signature="Testing()[pri:0, instance:Listnerslearning.DemoB@56f4468b]" name="Testing" duration-ms="2" started-at="2020-09-18T08:55:12Z" finished-at="2020-09-18T08:55:12Z">
          <reporter-output>
          </reporter-output>
        </test-method> <!-- Testing -->
      </class> <!-- Listnerslearning.DemoB -->
    </test> <!-- Test -->
  </suite> <!-- Suite -->
</testng-results>
