<?xml version="1.0" encoding="UTF-8"?>
<!-- Generated by org.testng.reporters.JUnitXMLReporter -->
<testsuite hostname="LAPTOP-CESU4ELL" ignored="0" name="Test" tests="4" failures="1" timestamp="18 Sep 2020 03:25:16 GMT" time="90.276" errors="0">
  <testcase name="TestLogin" time="89.471" classname="Listnerslearning.myfirsttestcase"/>
  <testcase name="failTheTest" time="0.01" classname="Listnerslearning.myfirsttestcase">
    <failure type="java.lang.AssertionError" message="expected [true] but found [false]">
      <![CDATA[java.lang.AssertionError: expected [true] but found [false]
	at Listnerslearning.myfirsttestcase.failTheTest(myfirsttestcase.java:26)
... Removed 29 stack frames]]>
    </failure>
  </testcase> <!-- failTheTest -->
  <testcase name="TestingC" time="0.002" classname="Listnerslearning.DemoC"/>
  <testcase name="Testing" time="0.002" classname="Listnerslearning.DemoB"/>
</testsuite> <!-- Test -->
